tess-two/build/outputs/logs/manifest-merger-debug-report.txt
-- Merging decision tree log ---
manifest
ADDED from ImageProcessingTools\tess-two\AndroidManifest.xml:17:1-22:12
INJECTED from ImageProcessingTools\tess-two\AndroidManifest.xml:17:1-22:12
INJECTED from ImageProcessingTools\tess-two\AndroidManifest.xml:17:1-22:12
INJECTED from ImageProcessingTools\tess-two\AndroidManifest.xml:17:1-22:12
INJECTED from ImageProcessingTools\tess-two\AndroidManifest.xml:17:1-22:12
INJECTED from ImageProcessingTools\tess-two\AndroidManifest.xml:17:1-22:12
INJECTED from ImageProcessingTools\tess-two\AndroidManifest.xml:17:1-22:12
	package
		ADDED from ImageProcessingTools\tess-two\AndroidManifest.xml:18:5-47
		INJECTED from ImageProcessingTools\tess-two\AndroidManifest.xml
		INJECTED from ImageProcessingTools\tess-two\AndroidManifest.xml
	android:versionName
		ADDED from ImageProcessingTools\tess-two\AndroidManifest.xml:20:5-30
		INJECTED from ImageProcessingTools\tess-two\AndroidManifest.xml
		INJECTED from ImageProcessingTools\tess-two\AndroidManifest.xml
	xmlns:android
		ADDED from ImageProcessingTools\tess-two\AndroidManifest.xml:17:11-69
	android:versionCode
		ADDED from ImageProcessingTools\tess-two\AndroidManifest.xml:19:5-28
		INJECTED from ImageProcessingTools\tess-two\AndroidManifest.xml
		INJECTED from ImageProcessingTools\tess-two\AndroidManifest.xml
uses-sdk
INJECTED from ImageProcessingTools\tess-two\AndroidManifest.xml reason: use-sdk injection requested
INJECTED from ImageProcessingTools\tess-two\AndroidManifest.xml
INJECTED from ImageProcessingTools\tess-two\AndroidManifest.xml
INJECTED from ImageProcessingTools\tess-two\AndroidManifest.xml
INJECTED from ImageProcessingTools\tess-two\AndroidManifest.xml
	android:targetSdkVersion
		INJECTED from ImageProcessingTools\tess-two\AndroidManifest.xml
		ADDED from ImageProcessingTools\tess-two\AndroidManifest.xml
		INJECTED from ImageProcessingTools\tess-two\AndroidManifest.xml
	android:minSdkVersion
		INJECTED from ImageProcessingTools\tess-two\AndroidManifest.xml
		ADDED from ImageProcessingTools\tess-two\AndroidManifest.xml
		INJECTED from ImageProcessingTools\tess-two\AndroidManifest.xml